#
# There is insufficient memory for the Java Runtime Environment to continue.
# Native memory allocation (malloc) failed to allocate 1793616 bytes for Chunk::new
# Possible reasons:
#   The system is out of physical RAM or swap space
#   The process is running with CompressedOops enabled, and the Java Heap may be blocking the growth of the native heap
# Possible solutions:
#   Reduce memory load on the system
#   Increase physical memory or swap space
#   Check if swap backing store is full
#   Decrease Java heap size (-Xmx/-Xms)
#   Decrease number of Java threads
#   Decrease Java thread stack sizes (-Xss)
#   Set larger code cache with -XX:ReservedCodeCacheSize=
#   JVM is running with Unscaled Compressed Oops mode in which the Java heap is
#     placed in the first 4GB address space. The Java Heap base address is the
#     maximum limit for the native heap growth. Please use -XX:HeapBaseMinAddress
#     to set the Java Heap base and to place the Java Heap above 4GB virtual address.
# This output file may be truncated or incomplete.
#
#  Out of Memory Error (arena.cpp:191), pid=8796, tid=3268
#
# JRE version: OpenJDK Runtime Environment Temurin-17.0.10+7 (17.0.10+7) (build 17.0.10+7)
# Java VM: OpenJDK 64-Bit Server VM Temurin-17.0.10+7 (17.0.10+7, mixed mode, tiered, compressed oops, compressed class ptrs, parallel gc, windows-amd64)
# No core dump will be written. Minidumps are not enabled by default on client versions of Windows
#

---------------  S U M M A R Y ------------

Command Line: --add-modules=ALL-SYSTEM --add-opens=java.base/java.util=ALL-UNNAMED --add-opens=java.base/java.lang=ALL-UNNAMED --add-opens=java.base/sun.nio.fs=ALL-UNNAMED -Declipse.application=org.eclipse.jdt.ls.core.id1 -Dosgi.bundles.defaultStartLevel=4 -Declipse.product=org.eclipse.jdt.ls.core.product -Djava.import.generatesMetadataFilesAtProjectRoot=false -DDetectVMInstallationsJob.disabled=true -Dfile.encoding=utf8 -XX:+UseParallelGC -XX:GCTimeRatio=4 -XX:AdaptiveSizePolicyWeight=90 -Dsun.zip.disableMemoryMapping=true -Xmx1G -Xms100m -Xlog:disable -javaagent:c:\Users\Admin\.vscode\extensions\redhat.java-1.30.0-win32-x64\lombok\lombok-1.18.32.jar -XX:+HeapDumpOnOutOfMemoryError -XX:HeapDumpPath=c:\Users\Admin\AppData\Roaming\Code\User\workspaceStorage\0098116cd2644341a0b9330b529cb1ae\redhat.java -Daether.dependencyCollector.impl=bf c:\Users\Admin\.vscode\extensions\redhat.java-1.30.0-win32-x64\server\plugins\org.eclipse.equinox.launcher_1.6.800.v20240330-1250.jar -configuration c:\Users\Admin\AppData\Roaming\Code\User\globalStorage\redhat.java\1.30.0\config_win -data c:\Users\Admin\AppData\Roaming\Code\User\workspaceStorage\0098116cd2644341a0b9330b529cb1ae\redhat.java\jdt_ws --pipe=\\.\pipe\lsp-2b5b58052a88f024e69ee01622da9391-sock

Host: Intel(R) Core(TM) i5-8265U CPU @ 1.60GHz, 8 cores, 11G,  Windows 10 , 64 bit Build 19041 (10.0.19041.3636)
Time: Thu May  9 14:07:18 2024 SE Asia Standard Time elapsed time: 206.342146 seconds (0d 0h 3m 26s)

---------------  T H R E A D  ---------------

Current thread (0x0000021aa66cd9f0):  JavaThread "C2 CompilerThread1" daemon [_thread_in_native, id=3268, stack(0x0000003960b00000,0x0000003960c00000)]


Current CompileTask:
C2: 206342 9542       4       java.io.ObjectInputStream::readClassDesc (121 bytes)

Stack: [0x0000003960b00000,0x0000003960c00000]
Native frames: (J=compiled Java code, j=interpreted, Vv=VM code, C=native code)
V  [jvm.dll+0x67d2c9]
V  [jvm.dll+0x834afa]
V  [jvm.dll+0x8365be]
V  [jvm.dll+0x836c23]
V  [jvm.dll+0x2477ff]
V  [jvm.dll+0xac514]
V  [jvm.dll+0xacb5c]
V  [jvm.dll+0x366782]
V  [jvm.dll+0x330bfa]
V  [jvm.dll+0x33009a]
V  [jvm.dll+0x219ef1]
V  [jvm.dll+0x219311]
V  [jvm.dll+0x1a502d]
V  [jvm.dll+0x2290de]
V  [jvm.dll+0x2272ac]
V  [jvm.dll+0x7e9bb7]
V  [jvm.dll+0x7e3fba]
V  [jvm.dll+0x67c1b5]
C  [ucrtbase.dll+0x21bb2]
C  [KERNEL32.DLL+0x17344]
C  [ntdll.dll+0x526b1]


---------------  P R O C E S S  ---------------

Threads class SMR info:
_java_thread_list=0x0000021aa60f90b0, length=39, elements={
0x0000021a890fd310, 0x0000021a9cf88cf0, 0x0000021a9cf8a200, 0x0000021aa2264230,
0x0000021a8918bae0, 0x0000021a8918c610, 0x0000021aa227d350, 0x0000021aa227e240,
0x0000021aa22e8390, 0x0000021aa22ed070, 0x0000021a8915c670, 0x0000021aa258ff60,
0x0000021aa3765520, 0x0000021aa38b9ac0, 0x0000021aa397bde0, 0x0000021aa3c18760,
0x0000021aa40c6880, 0x0000021aa32fe220, 0x0000021aa32fe730, 0x0000021aa44da510,
0x0000021aa44d90d0, 0x0000021aa44d86b0, 0x0000021aa44daf30, 0x0000021aa44da000,
0x0000021aa44daa20, 0x0000021aa44db440, 0x0000021aa44dbe60, 0x0000021aa44d95e0,
0x0000021aa44d9af0, 0x0000021aa4f00d40, 0x0000021aa4f02690, 0x0000021aa4f02ba0,
0x0000021aa4f03fe0, 0x0000021aa4f035c0, 0x0000021aa4f07280, 0x0000021aa4f044f0,
0x0000021aa4f07790, 0x0000021aa66cd9f0, 0x0000021aa66cdf40
}

Java Threads: ( => current thread )
  0x0000021a890fd310 JavaThread "main" [_thread_blocked, id=20952, stack(0x0000003960d00000,0x0000003960e00000)]
  0x0000021a9cf88cf0 JavaThread "Reference Handler" daemon [_thread_blocked, id=19312, stack(0x0000003961000000,0x0000003961100000)]
  0x0000021a9cf8a200 JavaThread "Finalizer" daemon [_thread_blocked, id=21012, stack(0x0000003961100000,0x0000003961200000)]
  0x0000021aa2264230 JavaThread "Signal Dispatcher" daemon [_thread_blocked, id=15124, stack(0x0000003961200000,0x0000003961300000)]
  0x0000021a8918bae0 JavaThread "Attach Listener" daemon [_thread_blocked, id=11168, stack(0x0000003961300000,0x0000003961400000)]
  0x0000021a8918c610 JavaThread "Service Thread" daemon [_thread_blocked, id=10780, stack(0x0000003961400000,0x0000003961500000)]
  0x0000021aa227d350 JavaThread "Monitor Deflation Thread" daemon [_thread_blocked, id=15476, stack(0x0000003961500000,0x0000003961600000)]
  0x0000021aa227e240 JavaThread "C2 CompilerThread0" daemon [_thread_in_native, id=16744, stack(0x0000003961600000,0x0000003961700000)]
  0x0000021aa22e8390 JavaThread "C1 CompilerThread0" daemon [_thread_blocked, id=14036, stack(0x0000003961700000,0x0000003961800000)]
  0x0000021aa22ed070 JavaThread "Sweeper thread" daemon [_thread_blocked, id=21004, stack(0x0000003961800000,0x0000003961900000)]
  0x0000021a8915c670 JavaThread "Common-Cleaner" daemon [_thread_blocked, id=3104, stack(0x0000003961900000,0x0000003961a00000)]
  0x0000021aa258ff60 JavaThread "Notification Thread" daemon [_thread_blocked, id=19916, stack(0x0000003961a00000,0x0000003961b00000)]
  0x0000021aa3765520 JavaThread "Active Thread: Equinox Container: a31ba8d6-5097-4a6f-96c4-87dc8ced0587" [_thread_blocked, id=11432, stack(0x0000003962300000,0x0000003962400000)]
  0x0000021aa38b9ac0 JavaThread "Framework Event Dispatcher: Equinox Container: a31ba8d6-5097-4a6f-96c4-87dc8ced0587" daemon [_thread_blocked, id=7472, stack(0x0000003962200000,0x0000003962300000)]
  0x0000021aa397bde0 JavaThread "Start Level: Equinox Container: a31ba8d6-5097-4a6f-96c4-87dc8ced0587" daemon [_thread_blocked, id=19024, stack(0x0000003962400000,0x0000003962500000)]
  0x0000021aa3c18760 JavaThread "Bundle File Closer" daemon [_thread_blocked, id=11700, stack(0x0000003962600000,0x0000003962700000)]
  0x0000021aa40c6880 JavaThread "SCR Component Actor" daemon [_thread_blocked, id=16048, stack(0x0000003962700000,0x0000003962800000)]
  0x0000021aa32fe220 JavaThread "Worker-JM" [_thread_blocked, id=8096, stack(0x0000003962900000,0x0000003962a00000)]
  0x0000021aa32fe730 JavaThread "Worker-0" [_thread_blocked, id=5676, stack(0x0000003962c00000,0x0000003962d00000)]
  0x0000021aa44da510 JavaThread "Java indexing" daemon [_thread_blocked, id=10460, stack(0x0000003962d00000,0x0000003962e00000)]
  0x0000021aa44d90d0 JavaThread "Worker-2: Initialize Workspace" [_thread_in_native, id=16520, stack(0x0000003962e00000,0x0000003962f00000)]
  0x0000021aa44d86b0 JavaThread "JNA Cleaner" daemon [_thread_blocked, id=1384, stack(0x0000003960a00000,0x0000003960b00000)]
  0x0000021aa44daf30 JavaThread "Worker-3" [_thread_blocked, id=9536, stack(0x0000003963100000,0x0000003963200000)]
  0x0000021aa44da000 JavaThread "Thread-2" daemon [_thread_in_native, id=10856, stack(0x0000003963200000,0x0000003963300000)]
  0x0000021aa44daa20 JavaThread "Thread-3" daemon [_thread_in_native, id=13996, stack(0x0000003963300000,0x0000003963400000)]
  0x0000021aa44db440 JavaThread "Thread-4" daemon [_thread_in_native, id=20064, stack(0x0000003963400000,0x0000003963500000)]
  0x0000021aa44dbe60 JavaThread "Thread-5" daemon [_thread_in_native, id=276, stack(0x0000003963500000,0x0000003963600000)]
  0x0000021aa44d95e0 JavaThread "Thread-6" daemon [_thread_in_native, id=11904, stack(0x0000003963600000,0x0000003963700000)]
  0x0000021aa44d9af0 JavaThread "Thread-7" daemon [_thread_in_native, id=16844, stack(0x0000003963700000,0x0000003963800000)]
  0x0000021aa4f00d40 JavaThread "Thread-8" daemon [_thread_in_native, id=10752, stack(0x0000003963800000,0x0000003963900000)]
  0x0000021aa4f02690 JavaThread "Thread-9" daemon [_thread_in_native, id=1232, stack(0x0000003963900000,0x0000003963a00000)]
  0x0000021aa4f02ba0 JavaThread "Thread-10" daemon [_thread_in_native, id=3912, stack(0x0000003963a00000,0x0000003963b00000)]
  0x0000021aa4f03fe0 JavaThread "pool-2-thread-1" [_thread_blocked, id=8468, stack(0x0000003963b00000,0x0000003963c00000)]
  0x0000021aa4f035c0 JavaThread "WorkspaceEventsHandler" [_thread_blocked, id=13932, stack(0x0000003963c00000,0x0000003963d00000)]
  0x0000021aa4f07280 JavaThread "pool-1-thread-1" [_thread_blocked, id=7112, stack(0x0000003963d00000,0x0000003963e00000)]
  0x0000021aa4f044f0 JavaThread "Timer-0" [_thread_blocked, id=17840, stack(0x0000003962800000,0x0000003962900000)]
  0x0000021aa4f07790 JavaThread "Timer-1" [_thread_blocked, id=11856, stack(0x0000003962b00000,0x0000003962c00000)]
=>0x0000021aa66cd9f0 JavaThread "C2 CompilerThread1" daemon [_thread_in_native, id=3268, stack(0x0000003960b00000,0x0000003960c00000)]
  0x0000021aa66cdf40 JavaThread "C2 CompilerThread2" daemon [_thread_in_native, id=20080, stack(0x0000003960c00000,0x0000003960d00000)]

Other Threads:
  0x0000021a891ae9e0 VMThread "VM Thread" [stack: 0x0000003960f00000,0x0000003961000000] [id=9056]
  0x0000021aa2590440 WatcherThread [stack: 0x0000003961b00000,0x0000003961c00000] [id=8180]
  0x0000021a89110f80 GCTaskThread "GC Thread#0" [stack: 0x0000003960e00000,0x0000003960f00000] [id=15720]
  0x0000021aa35622c0 GCTaskThread "GC Thread#1" [stack: 0x0000003961c00000,0x0000003961d00000] [id=4736]
  0x0000021aa3562580 GCTaskThread "GC Thread#2" [stack: 0x0000003961d00000,0x0000003961e00000] [id=13008]
  0x0000021aa32d99b0 GCTaskThread "GC Thread#3" [stack: 0x0000003961e00000,0x0000003961f00000] [id=10244]
  0x0000021aa32d9c70 GCTaskThread "GC Thread#4" [stack: 0x0000003961f00000,0x0000003962000000] [id=21344]
  0x0000021aa32d9f30 GCTaskThread "GC Thread#5" [stack: 0x0000003962000000,0x0000003962100000] [id=15844]
  0x0000021aa32da1f0 GCTaskThread "GC Thread#6" [stack: 0x0000003962100000,0x0000003962200000] [id=2544]
  0x0000021aa34d79e0 GCTaskThread "GC Thread#7" [stack: 0x0000003962500000,0x0000003962600000] [id=3548]

Threads with active compile tasks:
C2 CompilerThread0   206448 9590   !   4       java.io.ObjectInputStream::readSerialData (549 bytes)
C2 CompilerThread1   206448 9542       4       java.io.ObjectInputStream::readClassDesc (121 bytes)
C2 CompilerThread2   206448 9610   !   4       java.io.PrintWriter::newLine (65 bytes)

VM state: not at safepoint (normal execution)

VM Mutex/Monitor currently owned by a thread: None

Heap address: 0x00000000c0000000, size: 1024 MB, Compressed Oops mode: 32-bit

CDS archive(s) not mapped
Compressed class space mapped at: 0x0000000100000000-0x0000000140000000, reserved size: 1073741824
Narrow klass base: 0x0000000000000000, Narrow klass shift: 3, Narrow klass range: 0x140000000

GC Precious Log:
 CPUs: 8 total, 8 available
 Memory: 12139M
 Large Page Support: Disabled
 NUMA Support: Disabled
 Compressed Oops: Enabled (32-bit)
 Alignments: Space 512K, Generation 512K, Heap 2M
 Heap Min Capacity: 100M
 Heap Initial Capacity: 100M
 Heap Max Capacity: 1G
 Pre-touch: Disabled
 Parallel Workers: 8

Heap:
 PSYoungGen      total 10240K, used 6435K [0x00000000eab00000, 0x00000000ebe00000, 0x0000000100000000)
  eden space 9728K, 61% used [0x00000000eab00000,0x00000000eb0ccc68,0x00000000eb480000)
  from space 512K, 96% used [0x00000000eb900000,0x00000000eb97c010,0x00000000eb980000)
  to   space 4608K, 0% used [0x00000000eb480000,0x00000000eb480000,0x00000000eb900000)
 ParOldGen       total 307200K, used 302952K [0x00000000c0000000, 0x00000000d2c00000, 0x00000000eab00000)
  object space 307200K, 98% used [0x00000000c0000000,0x00000000d27da3c8,0x00000000d2c00000)
 Metaspace       used 69605K, committed 70720K, reserved 1114112K
  class space    used 8033K, committed 8576K, reserved 1048576K

Card table byte_map: [0x0000021a88a90000,0x0000021a88ca0000] _byte_map_base: 0x0000021a88490000

Marking Bits: (ParMarkBitMap*) 0x00007ffa1056d7d0
 Begin Bits: [0x0000021a9ad90000, 0x0000021a9bd90000)
 End Bits:   [0x0000021a9bd90000, 0x0000021a9cd90000)

Polling page: 0x0000021a87010000

Metaspace:

Usage:
  Non-class:     60.13 MB used.
      Class:      7.84 MB used.
       Both:     67.97 MB used.

Virtual space:
  Non-class space:       64.00 MB reserved,      60.69 MB ( 95%) committed,  1 nodes.
      Class space:        1.00 GB reserved,       8.38 MB ( <1%) committed,  1 nodes.
             Both:        1.06 GB reserved,      69.06 MB (  6%) committed. 

Chunk freelists:
   Non-Class:  2.94 MB
       Class:  7.55 MB
        Both:  10.48 MB

MaxMetaspaceSize: unlimited
CompressedClassSpaceSize: 1.00 GB
Initial GC threshold: 21.00 MB
Current GC threshold: 97.75 MB
CDS: off
MetaspaceReclaimPolicy: balanced
 - commit_granule_bytes: 65536.
 - commit_granule_words: 8192.
 - virtual_space_node_default_size: 8388608.
 - enlarge_chunks_in_place: 1.
 - new_chunks_are_fully_committed: 0.
 - uncommit_free_chunks: 1.
 - use_allocation_guard: 0.
 - handle_deallocations: 1.


Internal statistics:

num_allocs_failed_limit: 9.
num_arena_births: 782.
num_arena_deaths: 16.
num_vsnodes_births: 2.
num_vsnodes_deaths: 0.
num_space_committed: 1105.
num_space_uncommitted: 0.
num_chunks_returned_to_freelist: 25.
num_chunks_taken_from_freelist: 3344.
num_chunk_merges: 14.
num_chunk_splits: 2114.
num_chunks_enlarged: 1307.
num_inconsistent_stats: 0.

CodeHeap 'non-profiled nmethods': size=120000Kb used=6130Kb max_used=6610Kb free=113869Kb
 bounds [0x0000021a93860000, 0x0000021a93ee0000, 0x0000021a9ad90000]
CodeHeap 'profiled nmethods': size=120000Kb used=13310Kb max_used=14991Kb free=106689Kb
 bounds [0x0000021a8bd90000, 0x0000021a8cc40000, 0x0000021a932c0000]
CodeHeap 'non-nmethods': size=5760Kb used=1372Kb max_used=1446Kb free=4387Kb
 bounds [0x0000021a932c0000, 0x0000021a93530000, 0x0000021a93860000]
 total_blobs=8112 nmethods=7392 adapters=634
 compilation: enabled
              stopped_count=0, restarted_count=0
 full_count=0

Compilation events (20 events):
Event: 206.276 Thread 0x0000021aa66cdf40 9597       4       java.lang.String::toLowerCase (29 bytes)
Event: 206.277 Thread 0x0000021aa22e8390 9598       3       java.security.AccessController::doPrivileged (17 bytes)
Event: 206.278 Thread 0x0000021aa22e8390 nmethod 9598 0x0000021a8bf25790 code [0x0000021a8bf25980, 0x0000021a8bf25d38]
Event: 206.278 Thread 0x0000021aa22e8390 9599       3       org.objectweb.asm.ClassReader::readUtf (44 bytes)
Event: 206.279 Thread 0x0000021aa22e8390 nmethod 9599 0x0000021a8be43610 code [0x0000021a8be437e0, 0x0000021a8be43b78]
Event: 206.279 Thread 0x0000021aa22e8390 9600       3       org.objectweb.asm.ClassReader::readUTF8 (23 bytes)
Event: 206.279 Thread 0x0000021aa22e8390 nmethod 9600 0x0000021a8c888410 code [0x0000021a8c8885c0, 0x0000021a8c888818]
Event: 206.294 Thread 0x0000021aa22e8390 9602       3       org.objectweb.asm.ClassReader::readInt (52 bytes)
Event: 206.294 Thread 0x0000021aa22e8390 nmethod 9602 0x0000021a8c929210 code [0x0000021a8c9293a0, 0x0000021a8c929578]
Event: 206.312 Thread 0x0000021aa22e8390 9603       3       org.objectweb.asm.ClassReader::readMethod (1066 bytes)
Event: 206.316 Thread 0x0000021aa66cdf40 nmethod 9597 0x0000021a93c7d890 code [0x0000021a93c7da60, 0x0000021a93c7e408]
Event: 206.317 Thread 0x0000021aa66cdf40 9594       4       java.lang.Class::isRecord (33 bytes)
Event: 206.320 Thread 0x0000021aa66cdf40 nmethod 9594 0x0000021a93d69810 code [0x0000021a93d69980, 0x0000021a93d69a58]
Event: 206.320 Thread 0x0000021aa66cdf40 9601       4       org.objectweb.asm.ClassReader::readUnsignedShort (26 bytes)
Event: 206.321 Thread 0x0000021aa66cdf40 nmethod 9601 0x0000021a93d69210 code [0x0000021a93d69380, 0x0000021a93d69458]
Event: 206.322 Thread 0x0000021aa66cdf40 9519       4       jdk.internal.misc.Unsafe::weakCompareAndSetInt (11 bytes)
Event: 206.322 Thread 0x0000021aa66cdf40 nmethod 9519 0x0000021a9388ea90 code [0x0000021a9388ec00, 0x0000021a9388ec98]
Event: 206.324 Thread 0x0000021aa22e8390 nmethod 9603 0x0000021a8c599b90 code [0x0000021a8c59a2e0, 0x0000021a8c59e5c8]
Event: 206.324 Thread 0x0000021aa22e8390 9604       3       org.objectweb.asm.ClassVisitor::visitMethod (24 bytes)
Event: 206.325 Thread 0x0000021aa22e8390 nmethod 9604 0x0000021a8c891c90 code [0x0000021a8c891e40, 0x0000021a8c892068]

GC Heap History (20 events):
Event: 120.062 GC heap before
{Heap before GC invocations=306 (full 13):
 PSYoungGen      total 14848K, used 14443K [0x00000000eab00000, 0x00000000ebf80000, 0x0000000100000000)
  eden space 10240K, 100% used [0x00000000eab00000,0x00000000eb500000,0x00000000eb500000)
  from space 4608K, 91% used [0x00000000ebb00000,0x00000000ebf1ac68,0x00000000ebf80000)
  to   space 5120K, 0% used [0x00000000eb580000,0x00000000eb580000,0x00000000eba80000)
 ParOldGen       total 307200K, used 292278K [0x00000000c0000000, 0x00000000d2c00000, 0x00000000eab00000)
  object space 307200K, 95% used [0x00000000c0000000,0x00000000d1d6d920,0x00000000d2c00000)
 Metaspace       used 62867K, committed 64000K, reserved 1114112K
  class space    used 7029K, committed 7552K, reserved 1048576K
}
Event: 120.068 GC heap after
{Heap after GC invocations=306 (full 13):
 PSYoungGen      total 15360K, used 5111K [0x00000000eab00000, 0x00000000ec200000, 0x0000000100000000)
  eden space 10240K, 0% used [0x00000000eab00000,0x00000000eab00000,0x00000000eb500000)
  from space 5120K, 99% used [0x00000000eb580000,0x00000000eba7dda0,0x00000000eba80000)
  to   space 6656K, 0% used [0x00000000ebb80000,0x00000000ebb80000,0x00000000ec200000)
 ParOldGen       total 307200K, used 293443K [0x00000000c0000000, 0x00000000d2c00000, 0x00000000eab00000)
  object space 307200K, 95% used [0x00000000c0000000,0x00000000d1e90f00,0x00000000d2c00000)
 Metaspace       used 62867K, committed 64000K, reserved 1114112K
  class space    used 7029K, committed 7552K, reserved 1048576K
}
Event: 121.025 GC heap before
{Heap before GC invocations=307 (full 13):
 PSYoungGen      total 15360K, used 15351K [0x00000000eab00000, 0x00000000ec200000, 0x0000000100000000)
  eden space 10240K, 100% used [0x00000000eab00000,0x00000000eb500000,0x00000000eb500000)
  from space 5120K, 99% used [0x00000000eb580000,0x00000000eba7dda0,0x00000000eba80000)
  to   space 6656K, 0% used [0x00000000ebb80000,0x00000000ebb80000,0x00000000ec200000)
 ParOldGen       total 307200K, used 293443K [0x00000000c0000000, 0x00000000d2c00000, 0x00000000eab00000)
  object space 307200K, 95% used [0x00000000c0000000,0x00000000d1e90f00,0x00000000d2c00000)
 Metaspace       used 63673K, committed 64768K, reserved 1114112K
  class space    used 7190K, committed 7680K, reserved 1048576K
}
Event: 121.029 GC heap after
{Heap after GC invocations=307 (full 13):
 PSYoungGen      total 14336K, used 3978K [0x00000000eab00000, 0x00000000ebf80000, 0x0000000100000000)
  eden space 10240K, 0% used [0x00000000eab00000,0x00000000eab00000,0x00000000eb500000)
  from space 4096K, 97% used [0x00000000ebb80000,0x00000000ebf62958,0x00000000ebf80000)
  to   space 5120K, 0% used [0x00000000eb580000,0x00000000eb580000,0x00000000eba80000)
 ParOldGen       total 307200K, used 295185K [0x00000000c0000000, 0x00000000d2c00000, 0x00000000eab00000)
  object space 307200K, 96% used [0x00000000c0000000,0x00000000d20446e0,0x00000000d2c00000)
 Metaspace       used 63673K, committed 64768K, reserved 1114112K
  class space    used 7190K, committed 7680K, reserved 1048576K
}
Event: 121.827 GC heap before
{Heap before GC invocations=308 (full 13):
 PSYoungGen      total 14336K, used 14218K [0x00000000eab00000, 0x00000000ebf80000, 0x0000000100000000)
  eden space 10240K, 100% used [0x00000000eab00000,0x00000000eb500000,0x00000000eb500000)
  from space 4096K, 97% used [0x00000000ebb80000,0x00000000ebf62958,0x00000000ebf80000)
  to   space 5120K, 0% used [0x00000000eb580000,0x00000000eb580000,0x00000000eba80000)
 ParOldGen       total 307200K, used 295185K [0x00000000c0000000, 0x00000000d2c00000, 0x00000000eab00000)
  object space 307200K, 96% used [0x00000000c0000000,0x00000000d20446e0,0x00000000d2c00000)
 Metaspace       used 64967K, committed 66048K, reserved 1114112K
  class space    used 7387K, committed 7872K, reserved 1048576K
}
Event: 121.831 GC heap after
{Heap after GC invocations=308 (full 13):
 PSYoungGen      total 14848K, used 4156K [0x00000000eab00000, 0x00000000ebe00000, 0x0000000100000000)
  eden space 10240K, 0% used [0x00000000eab00000,0x00000000eab00000,0x00000000eb500000)
  from space 4608K, 90% used [0x00000000eb580000,0x00000000eb98f148,0x00000000eba00000)
  to   space 4096K, 0% used [0x00000000eba00000,0x00000000eba00000,0x00000000ebe00000)
 ParOldGen       total 307200K, used 295193K [0x00000000c0000000, 0x00000000d2c00000, 0x00000000eab00000)
  object space 307200K, 96% used [0x00000000c0000000,0x00000000d20466e0,0x00000000d2c00000)
 Metaspace       used 64967K, committed 66048K, reserved 1114112K
  class space    used 7387K, committed 7872K, reserved 1048576K
}
Event: 122.278 GC heap before
{Heap before GC invocations=309 (full 13):
 PSYoungGen      total 14848K, used 14396K [0x00000000eab00000, 0x00000000ebe00000, 0x0000000100000000)
  eden space 10240K, 100% used [0x00000000eab00000,0x00000000eb500000,0x00000000eb500000)
  from space 4608K, 90% used [0x00000000eb580000,0x00000000eb98f148,0x00000000eba00000)
  to   space 4096K, 0% used [0x00000000eba00000,0x00000000eba00000,0x00000000ebe00000)
 ParOldGen       total 307200K, used 295193K [0x00000000c0000000, 0x00000000d2c00000, 0x00000000eab00000)
  object space 307200K, 96% used [0x00000000c0000000,0x00000000d20466e0,0x00000000d2c00000)
 Metaspace       used 65910K, committed 66944K, reserved 1114112K
  class space    used 7564K, committed 8064K, reserved 1048576K
}
Event: 122.281 GC heap after
{Heap after GC invocations=309 (full 13):
 PSYoungGen      total 14336K, used 4076K [0x00000000eab00000, 0x00000000ebe00000, 0x0000000100000000)
  eden space 10240K, 0% used [0x00000000eab00000,0x00000000eab00000,0x00000000eb500000)
  from space 4096K, 99% used [0x00000000eba00000,0x00000000ebdfb360,0x00000000ebe00000)
  to   space 4608K, 0% used [0x00000000eb500000,0x00000000eb500000,0x00000000eb980000)
 ParOldGen       total 307200K, used 295403K [0x00000000c0000000, 0x00000000d2c00000, 0x00000000eab00000)
  object space 307200K, 96% used [0x00000000c0000000,0x00000000d207ac78,0x00000000d2c00000)
 Metaspace       used 65910K, committed 66944K, reserved 1114112K
  class space    used 7564K, committed 8064K, reserved 1048576K
}
Event: 123.454 GC heap before
{Heap before GC invocations=310 (full 13):
 PSYoungGen      total 14336K, used 14316K [0x00000000eab00000, 0x00000000ebe00000, 0x0000000100000000)
  eden space 10240K, 100% used [0x00000000eab00000,0x00000000eb500000,0x00000000eb500000)
  from space 4096K, 99% used [0x00000000eba00000,0x00000000ebdfb360,0x00000000ebe00000)
  to   space 4608K, 0% used [0x00000000eb500000,0x00000000eb500000,0x00000000eb980000)
 ParOldGen       total 307200K, used 295403K [0x00000000c0000000, 0x00000000d2c00000, 0x00000000eab00000)
  object space 307200K, 96% used [0x00000000c0000000,0x00000000d207ac78,0x00000000d2c00000)
 Metaspace       used 66998K, committed 68032K, reserved 1114112K
  class space    used 7696K, committed 8192K, reserved 1048576K
}
Event: 123.460 GC heap after
{Heap after GC invocations=310 (full 13):
 PSYoungGen      total 14848K, used 4585K [0x00000000eab00000, 0x00000000ec000000, 0x0000000100000000)
  eden space 10240K, 0% used [0x00000000eab00000,0x00000000eab00000,0x00000000eb500000)
  from space 4608K, 99% used [0x00000000eb500000,0x00000000eb97a448,0x00000000eb980000)
  to   space 5632K, 0% used [0x00000000eba80000,0x00000000eba80000,0x00000000ec000000)
 ParOldGen       total 307200K, used 296133K [0x00000000c0000000, 0x00000000d2c00000, 0x00000000eab00000)
  object space 307200K, 96% used [0x00000000c0000000,0x00000000d2131638,0x00000000d2c00000)
 Metaspace       used 66998K, committed 68032K, reserved 1114112K
  class space    used 7696K, committed 8192K, reserved 1048576K
}
Event: 125.849 GC heap before
{Heap before GC invocations=311 (full 13):
 PSYoungGen      total 14848K, used 14825K [0x00000000eab00000, 0x00000000ec000000, 0x0000000100000000)
  eden space 10240K, 100% used [0x00000000eab00000,0x00000000eb500000,0x00000000eb500000)
  from space 4608K, 99% used [0x00000000eb500000,0x00000000eb97a448,0x00000000eb980000)
  to   space 5632K, 0% used [0x00000000eba80000,0x00000000eba80000,0x00000000ec000000)
 ParOldGen       total 307200K, used 296133K [0x00000000c0000000, 0x00000000d2c00000, 0x00000000eab00000)
  object space 307200K, 96% used [0x00000000c0000000,0x00000000d2131638,0x00000000d2c00000)
 Metaspace       used 67746K, committed 68800K, reserved 1114112K
  class space    used 7812K, committed 8320K, reserved 1048576K
}
Event: 125.852 GC heap after
{Heap after GC invocations=311 (full 13):
 PSYoungGen      total 11776K, used 1472K [0x00000000eab00000, 0x00000000ebc00000, 0x0000000100000000)
  eden space 10240K, 0% used [0x00000000eab00000,0x00000000eab00000,0x00000000eb500000)
  from space 1536K, 95% used [0x00000000eba80000,0x00000000ebbf0040,0x00000000ebc00000)
  to   space 3072K, 0% used [0x00000000eb600000,0x00000000eb600000,0x00000000eb900000)
 ParOldGen       total 307200K, used 299326K [0x00000000c0000000, 0x00000000d2c00000, 0x00000000eab00000)
  object space 307200K, 97% used [0x00000000c0000000,0x00000000d244fab0,0x00000000d2c00000)
 Metaspace       used 67746K, committed 68800K, reserved 1114112K
  class space    used 7812K, committed 8320K, reserved 1048576K
}
Event: 159.732 GC heap before
{Heap before GC invocations=312 (full 13):
 PSYoungGen      total 11776K, used 11712K [0x00000000eab00000, 0x00000000ebc00000, 0x0000000100000000)
  eden space 10240K, 100% used [0x00000000eab00000,0x00000000eb500000,0x00000000eb500000)
  from space 1536K, 95% used [0x00000000eba80000,0x00000000ebbf0040,0x00000000ebc00000)
  to   space 3072K, 0% used [0x00000000eb600000,0x00000000eb600000,0x00000000eb900000)
 ParOldGen       total 307200K, used 299326K [0x00000000c0000000, 0x00000000d2c00000, 0x00000000eab00000)
  object space 307200K, 97% used [0x00000000c0000000,0x00000000d244fab0,0x00000000d2c00000)
 Metaspace       used 68638K, committed 69696K, reserved 1114112K
  class space    used 7914K, committed 8384K, reserved 1048576K
}
Event: 159.736 GC heap after
{Heap after GC invocations=312 (full 13):
 PSYoungGen      total 13312K, used 1504K [0x00000000eab00000, 0x00000000ebb00000, 0x0000000100000000)
  eden space 10240K, 0% used [0x00000000eab00000,0x00000000eab00000,0x00000000eb500000)
  from space 3072K, 48% used [0x00000000eb600000,0x00000000eb778020,0x00000000eb900000)
  to   space 2048K, 0% used [0x00000000eb900000,0x00000000eb900000,0x00000000ebb00000)
 ParOldGen       total 307200K, used 299334K [0x00000000c0000000, 0x00000000d2c00000, 0x00000000eab00000)
  object space 307200K, 97% used [0x00000000c0000000,0x00000000d2451ab0,0x00000000d2c00000)
 Metaspace       used 68638K, committed 69696K, reserved 1114112K
  class space    used 7914K, committed 8384K, reserved 1048576K
}
Event: 181.243 GC heap before
{Heap before GC invocations=313 (full 13):
 PSYoungGen      total 13312K, used 11744K [0x00000000eab00000, 0x00000000ebb00000, 0x0000000100000000)
  eden space 10240K, 100% used [0x00000000eab00000,0x00000000eb500000,0x00000000eb500000)
  from space 3072K, 48% used [0x00000000eb600000,0x00000000eb778020,0x00000000eb900000)
  to   space 2048K, 0% used [0x00000000eb900000,0x00000000eb900000,0x00000000ebb00000)
 ParOldGen       total 307200K, used 299334K [0x00000000c0000000, 0x00000000d2c00000, 0x00000000eab00000)
  object space 307200K, 97% used [0x00000000c0000000,0x00000000d2451ab0,0x00000000d2c00000)
 Metaspace       used 68859K, committed 69952K, reserved 1114112K
  class space    used 7934K, committed 8448K, reserved 1048576K
}
Event: 181.247 GC heap after
{Heap after GC invocations=313 (full 13):
 PSYoungGen      total 12288K, used 1568K [0x00000000eab00000, 0x00000000ebb00000, 0x0000000100000000)
  eden space 10240K, 0% used [0x00000000eab00000,0x00000000eab00000,0x00000000eb500000)
  from space 2048K, 76% used [0x00000000eb900000,0x00000000eba88020,0x00000000ebb00000)
  to   space 2048K, 0% used [0x00000000eb700000,0x00000000eb700000,0x00000000eb900000)
 ParOldGen       total 307200K, used 299342K [0x00000000c0000000, 0x00000000d2c00000, 0x00000000eab00000)
  object space 307200K, 97% used [0x00000000c0000000,0x00000000d2453ab0,0x00000000d2c00000)
 Metaspace       used 68859K, committed 69952K, reserved 1114112K
  class space    used 7934K, committed 8448K, reserved 1048576K
}
Event: 205.035 GC heap before
{Heap before GC invocations=314 (full 13):
 PSYoungGen      total 12288K, used 11773K [0x00000000eab00000, 0x00000000ebb00000, 0x0000000100000000)
  eden space 10240K, 99% used [0x00000000eab00000,0x00000000eb4f7598,0x00000000eb500000)
  from space 2048K, 76% used [0x00000000eb900000,0x00000000eba88020,0x00000000ebb00000)
  to   space 2048K, 0% used [0x00000000eb700000,0x00000000eb700000,0x00000000eb900000)
 ParOldGen       total 307200K, used 299342K [0x00000000c0000000, 0x00000000d2c00000, 0x00000000eab00000)
  object space 307200K, 97% used [0x00000000c0000000,0x00000000d2453ab0,0x00000000d2c00000)
 Metaspace       used 69032K, committed 70144K, reserved 1114112K
  class space    used 7971K, committed 8512K, reserved 1048576K
}
Event: 205.041 GC heap after
{Heap after GC invocations=314 (full 13):
 PSYoungGen      total 12288K, used 1808K [0x00000000eab00000, 0x00000000eb980000, 0x0000000100000000)
  eden space 10240K, 0% used [0x00000000eab00000,0x00000000eab00000,0x00000000eb500000)
  from space 2048K, 88% used [0x00000000eb700000,0x00000000eb8c42f0,0x00000000eb900000)
  to   space 512K, 0% used [0x00000000eb900000,0x00000000eb900000,0x00000000eb980000)
 ParOldGen       total 307200K, used 299350K [0x00000000c0000000, 0x00000000d2c00000, 0x00000000eab00000)
  object space 307200K, 97% used [0x00000000c0000000,0x00000000d2455ab0,0x00000000d2c00000)
 Metaspace       used 69032K, committed 70144K, reserved 1114112K
  class space    used 7971K, committed 8512K, reserved 1048576K
}
Event: 205.937 GC heap before
{Heap before GC invocations=315 (full 13):
 PSYoungGen      total 12288K, used 11777K [0x00000000eab00000, 0x00000000eb980000, 0x0000000100000000)
  eden space 10240K, 97% used [0x00000000eab00000,0x00000000eb4bc368,0x00000000eb500000)
  from space 2048K, 88% used [0x00000000eb700000,0x00000000eb8c42f0,0x00000000eb900000)
  to   space 512K, 0% used [0x00000000eb900000,0x00000000eb900000,0x00000000eb980000)
 ParOldGen       total 307200K, used 299350K [0x00000000c0000000, 0x00000000d2c00000, 0x00000000eab00000)
  object space 307200K, 97% used [0x00000000c0000000,0x00000000d2455ab0,0x00000000d2c00000)
 Metaspace       used 69237K, committed 70336K, reserved 1114112K
  class space    used 8000K, committed 8512K, reserved 1048576K
}
Event: 205.942 GC heap after
{Heap after GC invocations=315 (full 13):
 PSYoungGen      total 10240K, used 496K [0x00000000eab00000, 0x00000000ebe00000, 0x0000000100000000)
  eden space 9728K, 0% used [0x00000000eab00000,0x00000000eab00000,0x00000000eb480000)
  from space 512K, 96% used [0x00000000eb900000,0x00000000eb97c010,0x00000000eb980000)
  to   space 4608K, 0% used [0x00000000eb480000,0x00000000eb480000,0x00000000eb900000)
 ParOldGen       total 307200K, used 302952K [0x00000000c0000000, 0x00000000d2c00000, 0x00000000eab00000)
  object space 307200K, 98% used [0x00000000c0000000,0x00000000d27da3c8,0x00000000d2c00000)
 Metaspace       used 69237K, committed 70336K, reserved 1114112K
  class space    used 8000K, committed 8512K, reserved 1048576K
}

Dll operation events (15 events):
Event: 0.024 Loaded shared library c:\Users\Admin\.vscode\extensions\redhat.java-1.30.0-win32-x64\jre\17.0.10-win32-x86_64\bin\java.dll
Event: 0.799 Loaded shared library c:\Users\Admin\.vscode\extensions\redhat.java-1.30.0-win32-x64\jre\17.0.10-win32-x86_64\bin\zip.dll
Event: 0.806 Loaded shared library C:\Users\Admin\.vscode\extensions\redhat.java-1.30.0-win32-x64\jre\17.0.10-win32-x86_64\bin\instrument.dll
Event: 0.878 Loaded shared library C:\Users\Admin\.vscode\extensions\redhat.java-1.30.0-win32-x64\jre\17.0.10-win32-x86_64\bin\net.dll
Event: 0.888 Loaded shared library C:\Users\Admin\.vscode\extensions\redhat.java-1.30.0-win32-x64\jre\17.0.10-win32-x86_64\bin\nio.dll
Event: 0.929 Loaded shared library C:\Users\Admin\.vscode\extensions\redhat.java-1.30.0-win32-x64\jre\17.0.10-win32-x86_64\bin\zip.dll
Event: 0.996 Loaded shared library C:\Users\Admin\.vscode\extensions\redhat.java-1.30.0-win32-x64\jre\17.0.10-win32-x86_64\bin\jimage.dll
Event: 1.282 Loaded shared library c:\Users\Admin\.vscode\extensions\redhat.java-1.30.0-win32-x64\jre\17.0.10-win32-x86_64\bin\verify.dll
Event: 15.302 Loaded shared library C:\Users\Admin\AppData\Roaming\Code\User\globalStorage\redhat.java\1.30.0\config_win\org.eclipse.equinox.launcher\org.eclipse.equinox.launcher.win32.win32.x86_64_1.2.900.v20240213-1244\eclipse_11900.dll
Event: 31.293 Loaded shared library C:\Users\Admin\AppData\Local\Temp\jna-63116079\jna15666993686500957291.dll
Event: 34.109 Loaded shared library C:\Users\Admin\.vscode\extensions\redhat.java-1.30.0-win32-x64\jre\17.0.10-win32-x86_64\bin\sunmscapi.dll
Event: 35.081 Loaded shared library C:\Users\Admin\.vscode\extensions\redhat.java-1.30.0-win32-x64\jre\17.0.10-win32-x86_64\bin\extnet.dll
Event: 91.872 Loaded shared library C:\Users\Admin\.gradle\native\68d5fa5c4cc2d200863cafc0d521ce42e7d3e7ee720ec0a83991735586a16f82\windows-amd64\native-platform.dll
Event: 121.640 Loaded shared library C:\Users\Admin\.vscode\extensions\redhat.java-1.30.0-win32-x64\jre\17.0.10-win32-x86_64\bin\management.dll
Event: 121.661 Loaded shared library C:\Users\Admin\.vscode\extensions\redhat.java-1.30.0-win32-x64\jre\17.0.10-win32-x86_64\bin\management_ext.dll

Deoptimization events (20 events):
Event: 206.206 Thread 0x0000021aa4f01760 Uncommon trap: trap_request=0xffffffc6 fr.pc=0x0000021a93b55a9c relative=0x000000000000183c
Event: 206.206 Thread 0x0000021aa4f01760 Uncommon trap: reason=bimorphic_or_optimized_type_check action=maybe_recompile pc=0x0000021a93b55a9c method=java.io.ObjectInputStream$PeekInputStream.peek()I @ 17 c2
Event: 206.206 Thread 0x0000021aa4f01760 DEOPT PACKING pc=0x0000021a93b55a9c sp=0x00000039640fd130
Event: 206.206 Thread 0x0000021aa4f01760 DEOPT UNPACKING pc=0x0000021a933166a3 sp=0x00000039640fd008 mode 2
Event: 206.222 Thread 0x0000021aa4f01760 Uncommon trap: trap_request=0xffffffde fr.pc=0x0000021a93c90be8 relative=0x0000000000001448
Event: 206.222 Thread 0x0000021aa4f01760 Uncommon trap: reason=class_check action=maybe_recompile pc=0x0000021a93c90be8 method=java.io.ObjectInputStream$PeekInputStream.read()I @ 23 c2
Event: 206.222 Thread 0x0000021aa4f01760 DEOPT PACKING pc=0x0000021a93c90be8 sp=0x00000039640fcdb0
Event: 206.222 Thread 0x0000021aa4f01760 DEOPT UNPACKING pc=0x0000021a933166a3 sp=0x00000039640fcc80 mode 2
Event: 206.286 Thread 0x0000021aa4f01760 Uncommon trap: trap_request=0xffffffd6 fr.pc=0x0000021a93d4abf0 relative=0x00000000000004b0
Event: 206.286 Thread 0x0000021aa4f01760 Uncommon trap: reason=array_check action=maybe_recompile pc=0x0000021a93d4abf0 method=java.util.TimSort.binarySort([Ljava/lang/Object;IIILjava/util/Comparator;)V @ 193 c2
Event: 206.286 Thread 0x0000021aa4f01760 DEOPT PACKING pc=0x0000021a93d4abf0 sp=0x00000039640fd850
Event: 206.286 Thread 0x0000021aa4f01760 DEOPT UNPACKING pc=0x0000021a933166a3 sp=0x00000039640fd810 mode 2
Event: 206.288 Thread 0x0000021aa4f01760 Uncommon trap: trap_request=0xffffffd6 fr.pc=0x0000021a93d4ad48 relative=0x0000000000000608
Event: 206.288 Thread 0x0000021aa4f01760 Uncommon trap: reason=array_check action=maybe_recompile pc=0x0000021a93d4ad48 method=java.util.TimSort.binarySort([Ljava/lang/Object;IIILjava/util/Comparator;)V @ 183 c2
Event: 206.288 Thread 0x0000021aa4f01760 DEOPT PACKING pc=0x0000021a93d4ad48 sp=0x00000039640fdaf0
Event: 206.288 Thread 0x0000021aa4f01760 DEOPT UNPACKING pc=0x0000021a933166a3 sp=0x00000039640fdab0 mode 2
Event: 206.288 Thread 0x0000021aa4f01760 Uncommon trap: trap_request=0xffffffde fr.pc=0x0000021a93c90be8 relative=0x0000000000001448
Event: 206.288 Thread 0x0000021aa4f01760 Uncommon trap: reason=class_check action=maybe_recompile pc=0x0000021a93c90be8 method=java.io.ObjectInputStream$PeekInputStream.read()I @ 23 c2
Event: 206.288 Thread 0x0000021aa4f01760 DEOPT PACKING pc=0x0000021a93c90be8 sp=0x00000039640fcc50
Event: 206.288 Thread 0x0000021aa4f01760 DEOPT UNPACKING pc=0x0000021a933166a3 sp=0x00000039640fcb20 mode 2

Classes unloaded (8 events):
Event: 27.767 Thread 0x0000021a891ae9e0 Unloading class 0x0000000100250400 'java/lang/invoke/LambdaForm$MH+0x0000000100250400'
Event: 27.767 Thread 0x0000021a891ae9e0 Unloading class 0x0000000100250000 'java/lang/invoke/LambdaForm$MH+0x0000000100250000'
Event: 27.767 Thread 0x0000021a891ae9e0 Unloading class 0x000000010024fc00 'java/lang/invoke/LambdaForm$MH+0x000000010024fc00'
Event: 27.767 Thread 0x0000021a891ae9e0 Unloading class 0x000000010024f800 'java/lang/invoke/LambdaForm$MH+0x000000010024f800'
Event: 27.767 Thread 0x0000021a891ae9e0 Unloading class 0x000000010024f400 'java/lang/invoke/LambdaForm$BMH+0x000000010024f400'
Event: 27.767 Thread 0x0000021a891ae9e0 Unloading class 0x000000010024f000 'java/lang/invoke/LambdaForm$DMH+0x000000010024f000'
Event: 27.767 Thread 0x0000021a891ae9e0 Unloading class 0x000000010024c400 'java/lang/invoke/LambdaForm$DMH+0x000000010024c400'
Event: 37.260 Thread 0x0000021a891ae9e0 Unloading class 0x000000010039b400 'java/lang/invoke/LambdaForm$MH+0x000000010039b400'

Classes redefined (0 events):
No events

Internal exceptions (20 events):
Event: 182.512 Thread 0x0000021aa4f01760 Exception <a 'java/lang/NoSuchMethodError'{0x00000000ead039d8}: static Lorg/gradle/internal/build/event/types/DefaultTaskSuccessResult;.<clinit>()V> (0x00000000ead039d8) 
thrown [s\src\hotspot\share\prims\jni.cpp, line 1107]
Event: 182.536 Thread 0x0000021aa4f01760 Exception <a 'java/lang/NoSuchMethodError'{0x00000000ead7bc58}: static Lorg/gradle/internal/build/event/types/DefaultTaskSkippedResult;.<clinit>()V> (0x00000000ead7bc58) 
thrown [s\src\hotspot\share\prims\jni.cpp, line 1107]
Event: 204.940 Thread 0x0000021aa4f01760 Exception <a 'java/lang/NoSuchMethodError'{0x00000000eb1c64c8}: static Lorg/gradle/internal/build/event/types/DefaultFailureResult;.<clinit>()V> (0x00000000eb1c64c8) 
thrown [s\src\hotspot\share\prims\jni.cpp, line 1107]
Event: 204.945 Thread 0x0000021aa4f01760 Exception <a 'java/lang/NoSuchMethodError'{0x00000000eb1f12c8}: static Lorg/gradle/internal/build/event/types/DefaultFailure;.<clinit>()V> (0x00000000eb1f12c8) 
thrown [s\src\hotspot\share\prims\jni.cpp, line 1107]
Event: 204.975 Thread 0x0000021aa4f01760 Exception <a 'java/lang/NoSuchMethodError'{0x00000000eb2b9320}: static Lorg/gradle/internal/build/event/types/DefaultProjectConfigurationFailureResult;.<clinit>()V> (0x00000000eb2b9320) 
thrown [s\src\hotspot\share\prims\jni.cpp, line 1107]
Event: 205.732 Thread 0x0000021aa4f01760 Exception <a 'java/lang/NoSuchMethodError'{0x00000000eae69878}: static Lorg/gradle/tooling/internal/provider/serialization/ClassLoaderDetails;.<clinit>()V> (0x00000000eae69878) 
thrown [s\src\hotspot\share\prims\jni.cpp, line 1107]
Event: 205.734 Thread 0x0000021aa4f01760 Exception <a 'java/lang/NoSuchMethodError'{0x00000000eae77fa8}: static Lorg/gradle/internal/classloader/ClassLoaderSpec;.<clinit>()V> (0x00000000eae77fa8) 
thrown [s\src\hotspot\share\prims\jni.cpp, line 1107]
Event: 205.735 Thread 0x0000021aa4f01760 Exception <a 'java/lang/NoSuchMethodError'{0x00000000eae87860}: static Lorg/gradle/tooling/internal/provider/serialization/WellKnownClassLoaderRegistry$KnownClassLoaderSpec;.<clinit>()V> (0x00000000eae87860) 
thrown [s\src\hotspot\share\prims\jni.cpp, line 1107]
Event: 205.740 Thread 0x0000021aa4f01760 Exception <a 'java/lang/NoSuchMethodError'{0x00000000eaea6e08}: static Lorg/gradle/internal/classloader/ClassLoaderSpec;.<clinit>()V> (0x00000000eaea6e08) 
thrown [s\src\hotspot\share\prims\jni.cpp, line 1107]
Event: 205.742 Thread 0x0000021aa4f01760 Exception <a 'java/lang/NoSuchMethodError'{0x00000000eaeb7838}: static Lorg/gradle/internal/classloader/VisitableURLClassLoader$Spec;.<clinit>()V> (0x00000000eaeb7838) 
thrown [s\src\hotspot\share\prims\jni.cpp, line 1107]
Event: 205.785 Thread 0x0000021aa4f01760 Exception <a 'java/lang/NoSuchMethodError'{0x00000000eaf69f08}: static Lorg/gradle/internal/classloader/FilteringClassLoader$Spec;.<clinit>()V> (0x00000000eaf69f08) 
thrown [s\src\hotspot\share\prims\jni.cpp, line 1107]
Event: 205.788 Thread 0x0000021aa4f01760 Exception <a 'java/lang/NoSuchMethodError'{0x00000000eaf854b0}: static Lorg/gradle/internal/classloader/CachingClassLoader$Spec;.<clinit>()V> (0x00000000eaf854b0) 
thrown [s\src\hotspot\share\prims\jni.cpp, line 1107]
Event: 205.853 Thread 0x0000021aa4f01760 Exception <a 'java/lang/NoSuchMethodError'{0x00000000eb0698c0}: static [B.<clinit>()V> (0x00000000eb0698c0) 
thrown [s\src\hotspot\share\prims\jni.cpp, line 1107]
Event: 205.995 Thread 0x0000021aa4f01760 Exception <a 'java/lang/NoSuchMethodError'{0x00000000eac56038}: static Lcom/android/builder/errors/EvalIssueException;.<clinit>()V> (0x00000000eac56038) 
thrown [s\src\hotspot\share\prims\jni.cpp, line 1107]
Event: 206.096 Thread 0x0000021aa4f01760 Exception <a 'java/lang/NoSuchMethodError'{0x00000000eadefa10}: static [Ljava/lang/StackTraceElement;.<clinit>()V> (0x00000000eadefa10) 
thrown [s\src\hotspot\share\prims\jni.cpp, line 1107]
Event: 206.167 Thread 0x0000021aa4f01760 Exception <a 'java/lang/NoSuchMethodError'{0x00000000eae557f8}: static Lorg/gradle/api/GradleException;.<clinit>()V> (0x00000000eae557f8) 
thrown [s\src\hotspot\share\prims\jni.cpp, line 1107]
Event: 206.169 Thread 0x0000021aa4f01760 Exception <a 'java/lang/NoSuchMethodError'{0x00000000eae56a20}: static Lorg/gradle/api/internal/plugins/PluginApplicationException;.<clinit>()V> (0x00000000eae56a20) 
thrown [s\src\hotspot\share\prims\jni.cpp, line 1107]
Event: 206.218 Thread 0x0000021aa4f01760 Exception <a 'java/lang/NoSuchMethodError'{0x00000000eaebad80}: static Lorg/gradle/api/GradleScriptException;.<clinit>()V> (0x00000000eaebad80) 
thrown [s\src\hotspot\share\prims\jni.cpp, line 1107]
Event: 206.286 Thread 0x0000021aa4f01760 Exception <a 'java/lang/NoSuchMethodError'{0x00000000eaf46c40}: static Lorg/gradle/internal/exceptions/ContextAwareException;.<clinit>()V> (0x00000000eaf46c40) 
thrown [s\src\hotspot\share\prims\jni.cpp, line 1107]
Event: 206.286 Thread 0x0000021aa4f01760 Exception <a 'java/lang/NoSuchMethodError'{0x00000000eaf48b68}: static Lorg/gradle/internal/exceptions/LocationAwareException;.<clinit>()V> (0x00000000eaf48b68) 
thrown [s\src\hotspot\share\prims\jni.cpp, line 1107]

VM Operations (20 events):
Event: 182.190 Executing VM operation: HandshakeAllThreads
Event: 182.190 Executing VM operation: HandshakeAllThreads done
Event: 182.498 Executing VM operation: HandshakeAllThreads
Event: 182.499 Executing VM operation: HandshakeAllThreads done
Event: 182.499 Executing VM operation: Cleanup
Event: 182.503 Executing VM operation: Cleanup done
Event: 183.504 Executing VM operation: Cleanup
Event: 183.504 Executing VM operation: Cleanup done
Event: 184.504 Executing VM operation: Cleanup
Event: 184.504 Executing VM operation: Cleanup done
Event: 188.506 Executing VM operation: Cleanup
Event: 188.506 Executing VM operation: Cleanup done
Event: 205.035 Executing VM operation: ParallelGCFailedAllocation
Event: 205.042 Executing VM operation: ParallelGCFailedAllocation done
Event: 205.841 Executing VM operation: HandshakeAllThreads
Event: 205.841 Executing VM operation: HandshakeAllThreads done
Event: 205.885 Executing VM operation: HandshakeAllThreads
Event: 205.885 Executing VM operation: HandshakeAllThreads done
Event: 205.937 Executing VM operation: ParallelGCFailedAllocation
Event: 205.942 Executing VM operation: ParallelGCFailedAllocation done

Events (20 events):
Event: 182.213 Thread 0x0000021aa22ed070 flushing nmethod 0x0000021a8cbca710
Event: 182.213 Thread 0x0000021aa22ed070 flushing nmethod 0x0000021a8cbcc090
Event: 182.213 Thread 0x0000021aa22ed070 flushing nmethod 0x0000021a8cc23710
Event: 182.213 Thread 0x0000021aa22ed070 flushing nmethod 0x0000021a8cc2a190
Event: 182.213 Thread 0x0000021aa22ed070 flushing nmethod 0x0000021a8cc2df10
Event: 182.213 Thread 0x0000021aa22ed070 flushing nmethod 0x0000021a8cc31f90
Event: 182.891 loading class java/io/ObjectStreamClass$ExceptionInfo
Event: 182.891 loading class java/io/ObjectStreamClass$ExceptionInfo done
Event: 184.946 Thread 0x0000021aa4f05420 Thread exited: 0x0000021aa4f05420
Event: 184.950 Thread 0x0000021aa4f04f10 Thread exited: 0x0000021aa4f04f10
Event: 184.968 Thread 0x0000021aa4f04a00 Thread exited: 0x0000021aa4f04a00
Event: 186.967 Thread 0x0000021aa4f06350 Thread exited: 0x0000021aa4f06350
Event: 193.031 Thread 0x0000021aa4f01c70 Thread exited: 0x0000021aa4f01c70
Event: 205.743 loading class java/net/UrlDeserializedState
Event: 205.743 loading class java/net/UrlDeserializedState done
Event: 205.838 Thread 0x0000021aa4f06860 Thread exited: 0x0000021aa4f06860
Event: 205.853 Thread 0x0000021aa66cd9f0 Thread added: 0x0000021aa66cd9f0
Event: 205.882 Thread 0x0000021aa66cdf40 Thread added: 0x0000021aa66cdf40
Event: 205.988 loading class java/lang/Throwable$PrintStreamOrWriter
Event: 205.989 loading class java/lang/Throwable$PrintStreamOrWriter done


Dynamic libraries:
0x00007ff712740000 - 0x00007ff71274e000 	c:\Users\Admin\.vscode\extensions\redhat.java-1.30.0-win32-x64\jre\17.0.10-win32-x86_64\bin\java.exe
0x00007ffa87030000 - 0x00007ffa87228000 	C:\WINDOWS\SYSTEM32\ntdll.dll
0x00007ffa4ffa0000 - 0x00007ffa4ffb9000 	C:\Program Files\AVG\Antivirus\aswhook.dll
0x00007ffa867a0000 - 0x00007ffa8685d000 	C:\WINDOWS\System32\KERNEL32.DLL
0x00007ffa84a20000 - 0x00007ffa84d16000 	C:\WINDOWS\System32\KERNELBASE.dll
0x00007ffa84df0000 - 0x00007ffa84ef0000 	C:\WINDOWS\System32\ucrtbase.dll
0x00007ffa7e720000 - 0x00007ffa7e737000 	c:\Users\Admin\.vscode\extensions\redhat.java-1.30.0-win32-x64\jre\17.0.10-win32-x86_64\bin\jli.dll
0x00007ffa85ad0000 - 0x00007ffa85c6f000 	C:\WINDOWS\System32\USER32.dll
0x00007ffa84dc0000 - 0x00007ffa84de2000 	C:\WINDOWS\System32\win32u.dll
0x00007ffa85670000 - 0x00007ffa8569b000 	C:\WINDOWS\System32\GDI32.dll
0x00007ffa84f40000 - 0x00007ffa85057000 	C:\WINDOWS\System32\gdi32full.dll
0x00007ffa84d20000 - 0x00007ffa84dbd000 	C:\WINDOWS\System32\msvcp_win.dll
0x00007ffa6cdc0000 - 0x00007ffa6d05a000 	C:\WINDOWS\WinSxS\amd64_microsoft.windows.common-controls_6595b64144ccf1df_6.0.19041.3636_none_60b6a03d71f818d5\COMCTL32.dll
0x00007ffa7d390000 - 0x00007ffa7d3ab000 	c:\Users\Admin\.vscode\extensions\redhat.java-1.30.0-win32-x64\jre\17.0.10-win32-x86_64\bin\VCRUNTIME140.dll
0x00007ffa85c70000 - 0x00007ffa85d0e000 	C:\WINDOWS\System32\msvcrt.dll
0x00007ffa85a90000 - 0x00007ffa85ac2000 	C:\WINDOWS\System32\IMM32.DLL
0x00007ffa7fe80000 - 0x00007ffa7fe8c000 	c:\Users\Admin\.vscode\extensions\redhat.java-1.30.0-win32-x64\jre\17.0.10-win32-x86_64\bin\vcruntime140_1.dll
0x00007ffa471a0000 - 0x00007ffa4722d000 	c:\Users\Admin\.vscode\extensions\redhat.java-1.30.0-win32-x64\jre\17.0.10-win32-x86_64\bin\msvcp140.dll
0x00007ffa0f9d0000 - 0x00007ffa10632000 	c:\Users\Admin\.vscode\extensions\redhat.java-1.30.0-win32-x64\jre\17.0.10-win32-x86_64\bin\server\jvm.dll
0x00007ffa866f0000 - 0x00007ffa867a0000 	C:\WINDOWS\System32\ADVAPI32.dll
0x00007ffa869d0000 - 0x00007ffa86a70000 	C:\WINDOWS\System32\sechost.dll
0x00007ffa856a0000 - 0x00007ffa857c3000 	C:\WINDOWS\System32\RPCRT4.dll
0x00007ffa848d0000 - 0x00007ffa848f7000 	C:\WINDOWS\System32\bcrypt.dll
0x00007ffa83c70000 - 0x00007ffa83cbb000 	C:\WINDOWS\SYSTEM32\POWRPROF.dll
0x00007ffa70c90000 - 0x00007ffa70c99000 	C:\WINDOWS\SYSTEM32\WSOCK32.dll
0x00007ffa85a20000 - 0x00007ffa85a8b000 	C:\WINDOWS\System32\WS2_32.dll
0x00007ffa64fa0000 - 0x00007ffa64fc7000 	C:\WINDOWS\SYSTEM32\WINMM.dll
0x00007ffa7d970000 - 0x00007ffa7d97a000 	C:\WINDOWS\SYSTEM32\VERSION.dll
0x00007ffa83ae0000 - 0x00007ffa83af2000 	C:\WINDOWS\SYSTEM32\UMPDC.dll
0x00007ffa82f00000 - 0x00007ffa82f12000 	C:\WINDOWS\SYSTEM32\kernel.appcore.dll
0x00007ffa7ecf0000 - 0x00007ffa7ecfa000 	c:\Users\Admin\.vscode\extensions\redhat.java-1.30.0-win32-x64\jre\17.0.10-win32-x86_64\bin\jimage.dll
0x00007ffa82c00000 - 0x00007ffa82de4000 	C:\WINDOWS\SYSTEM32\DBGHELP.DLL
0x00007ffa7a7c0000 - 0x00007ffa7a7f4000 	C:\WINDOWS\SYSTEM32\dbgcore.DLL
0x00007ffa84840000 - 0x00007ffa848c2000 	C:\WINDOWS\System32\bcryptPrimitives.dll
0x00007ffa771d0000 - 0x00007ffa771de000 	c:\Users\Admin\.vscode\extensions\redhat.java-1.30.0-win32-x64\jre\17.0.10-win32-x86_64\bin\instrument.dll
0x00007ffa47170000 - 0x00007ffa47195000 	c:\Users\Admin\.vscode\extensions\redhat.java-1.30.0-win32-x64\jre\17.0.10-win32-x86_64\bin\java.dll
0x00007ffa78d90000 - 0x00007ffa78da8000 	c:\Users\Admin\.vscode\extensions\redhat.java-1.30.0-win32-x64\jre\17.0.10-win32-x86_64\bin\zip.dll
0x00007ffa85dc0000 - 0x00007ffa8652b000 	C:\WINDOWS\System32\SHELL32.dll
0x00007ffa823a0000 - 0x00007ffa82b3e000 	C:\WINDOWS\SYSTEM32\windows.storage.dll
0x00007ffa852b0000 - 0x00007ffa85603000 	C:\WINDOWS\System32\combase.dll
0x00007ffa84110000 - 0x00007ffa8413e000 	C:\WINDOWS\SYSTEM32\Wldp.dll
0x00007ffa85860000 - 0x00007ffa8592d000 	C:\WINDOWS\System32\OLEAUT32.dll
0x00007ffa86920000 - 0x00007ffa869cd000 	C:\WINDOWS\System32\SHCORE.dll
0x00007ffa86860000 - 0x00007ffa868b5000 	C:\WINDOWS\System32\shlwapi.dll
0x00007ffa84610000 - 0x00007ffa84633000 	C:\WINDOWS\SYSTEM32\profapi.dll
0x00007ffa78d70000 - 0x00007ffa78d89000 	C:\Users\Admin\.vscode\extensions\redhat.java-1.30.0-win32-x64\jre\17.0.10-win32-x86_64\bin\net.dll
0x00007ffa7b3c0000 - 0x00007ffa7b4ca000 	C:\WINDOWS\SYSTEM32\WINHTTP.dll
0x00007ffa83e70000 - 0x00007ffa83eda000 	C:\WINDOWS\system32\mswsock.dll
0x00007ffa78d50000 - 0x00007ffa78d66000 	C:\Users\Admin\.vscode\extensions\redhat.java-1.30.0-win32-x64\jre\17.0.10-win32-x86_64\bin\nio.dll
0x00007ffa771c0000 - 0x00007ffa771d0000 	c:\Users\Admin\.vscode\extensions\redhat.java-1.30.0-win32-x64\jre\17.0.10-win32-x86_64\bin\verify.dll
0x00007ffa772e0000 - 0x00007ffa7731e000 	C:\Users\Admin\AppData\Roaming\Code\User\globalStorage\redhat.java\1.30.0\config_win\org.eclipse.equinox.launcher\org.eclipse.equinox.launcher.win32.win32.x86_64_1.2.900.v20240213-1244\eclipse_11900.dll
0x00007ffa85180000 - 0x00007ffa852ab000 	C:\WINDOWS\System32\ole32.dll
0x00007ffa84070000 - 0x00007ffa84088000 	C:\WINDOWS\SYSTEM32\CRYPTSP.dll
0x00007ffa83720000 - 0x00007ffa83754000 	C:\WINDOWS\system32\rsaenh.dll
0x00007ffa84590000 - 0x00007ffa845be000 	C:\WINDOWS\SYSTEM32\USERENV.dll
0x00007ffa84060000 - 0x00007ffa8406c000 	C:\WINDOWS\SYSTEM32\CRYPTBASE.dll
0x00007ffa83b00000 - 0x00007ffa83b3b000 	C:\WINDOWS\SYSTEM32\IPHLPAPI.DLL
0x00007ffa85990000 - 0x00007ffa85998000 	C:\WINDOWS\System32\NSI.dll
0x00007ffa7b820000 - 0x00007ffa7b837000 	C:\WINDOWS\SYSTEM32\dhcpcsvc6.DLL
0x00007ffa7c050000 - 0x00007ffa7c06d000 	C:\WINDOWS\SYSTEM32\dhcpcsvc.DLL
0x00007ffa83b50000 - 0x00007ffa83c1b000 	C:\WINDOWS\SYSTEM32\DNSAPI.dll
0x00007ffa768c0000 - 0x00007ffa76905000 	C:\Users\Admin\AppData\Local\Temp\jna-63116079\jna15666993686500957291.dll
0x00007ffa86a90000 - 0x00007ffa86a98000 	C:\WINDOWS\System32\PSAPI.DLL
0x00007ffa7d290000 - 0x00007ffa7d29e000 	C:\Users\Admin\.vscode\extensions\redhat.java-1.30.0-win32-x64\jre\17.0.10-win32-x86_64\bin\sunmscapi.dll
0x00007ffa846e0000 - 0x00007ffa8483e000 	C:\WINDOWS\System32\CRYPT32.dll
0x00007ffa84180000 - 0x00007ffa841a8000 	C:\WINDOWS\SYSTEM32\ncrypt.dll
0x00007ffa84140000 - 0x00007ffa8417b000 	C:\WINDOWS\SYSTEM32\NTASN1.dll
0x00000000635b0000 - 0x00000000635d6000 	C:\Program Files\Bonjour\mdnsNSP.dll
0x00007ffa7d410000 - 0x00007ffa7d41a000 	C:\Windows\System32\rasadhlp.dll
0x00007ffa71d10000 - 0x00007ffa71d90000 	C:\WINDOWS\System32\fwpuclnt.dll
0x00007ffa7e710000 - 0x00007ffa7e719000 	C:\Users\Admin\.vscode\extensions\redhat.java-1.30.0-win32-x64\jre\17.0.10-win32-x86_64\bin\extnet.dll
0x00007ffa7e570000 - 0x00007ffa7e597000 	C:\Users\Admin\.gradle\native\68d5fa5c4cc2d200863cafc0d521ce42e7d3e7ee720ec0a83991735586a16f82\windows-amd64\native-platform.dll
0x00007ffa7edb0000 - 0x00007ffa7edb9000 	C:\Users\Admin\.vscode\extensions\redhat.java-1.30.0-win32-x64\jre\17.0.10-win32-x86_64\bin\management.dll
0x00007ffa7eda0000 - 0x00007ffa7edab000 	C:\Users\Admin\.vscode\extensions\redhat.java-1.30.0-win32-x64\jre\17.0.10-win32-x86_64\bin\management_ext.dll
0x00007ffa78e70000 - 0x00007ffa78e77000 	C:\WINDOWS\system32\wshunix.dll

dbghelp: loaded successfully - version: 4.0.5 - missing functions: none
symbol engine: initialized successfully - sym options: 0x614 - pdb path: .;c:\Users\Admin\.vscode\extensions\redhat.java-1.30.0-win32-x64\jre\17.0.10-win32-x86_64\bin;C:\WINDOWS\SYSTEM32;C:\Program Files\AVG\Antivirus;C:\WINDOWS\WinSxS\amd64_microsoft.windows.common-controls_6595b64144ccf1df_6.0.19041.3636_none_60b6a03d71f818d5;c:\Users\Admin\.vscode\extensions\redhat.java-1.30.0-win32-x64\jre\17.0.10-win32-x86_64\bin\server;C:\Users\Admin\AppData\Roaming\Code\User\globalStorage\redhat.java\1.30.0\config_win\org.eclipse.equinox.launcher\org.eclipse.equinox.launcher.win32.win32.x86_64_1.2.900.v20240213-1244;C:\Users\Admin\AppData\Local\Temp\jna-63116079;C:\Program Files\Bonjour;C:\Users\Admin\.gradle\native\68d5fa5c4cc2d200863cafc0d521ce42e7d3e7ee720ec0a83991735586a16f82\windows-amd64

VM Arguments:
jvm_args: --add-modules=ALL-SYSTEM --add-opens=java.base/java.util=ALL-UNNAMED --add-opens=java.base/java.lang=ALL-UNNAMED --add-opens=java.base/sun.nio.fs=ALL-UNNAMED -Declipse.application=org.eclipse.jdt.ls.core.id1 -Dosgi.bundles.defaultStartLevel=4 -Declipse.product=org.eclipse.jdt.ls.core.product -Djava.import.generatesMetadataFilesAtProjectRoot=false -DDetectVMInstallationsJob.disabled=true -Dfile.encoding=utf8 -XX:+UseParallelGC -XX:GCTimeRatio=4 -XX:AdaptiveSizePolicyWeight=90 -Dsun.zip.disableMemoryMapping=true -Xmx1G -Xms100m -Xlog:disable -javaagent:c:\Users\Admin\.vscode\extensions\redhat.java-1.30.0-win32-x64\lombok\lombok-1.18.32.jar -XX:+HeapDumpOnOutOfMemoryError -XX:HeapDumpPath=c:\Users\Admin\AppData\Roaming\Code\User\workspaceStorage\0098116cd2644341a0b9330b529cb1ae\redhat.java -Daether.dependencyCollector.impl=bf 
java_command: c:\Users\Admin\.vscode\extensions\redhat.java-1.30.0-win32-x64\server\plugins\org.eclipse.equinox.launcher_1.6.800.v20240330-1250.jar -configuration c:\Users\Admin\AppData\Roaming\Code\User\globalStorage\redhat.java\1.30.0\config_win -data c:\Users\Admin\AppData\Roaming\Code\User\workspaceStorage\0098116cd2644341a0b9330b529cb1ae\redhat.java\jdt_ws --pipe=\\.\pipe\lsp-2b5b58052a88f024e69ee01622da9391-sock
java_class_path (initial): c:\Users\Admin\.vscode\extensions\redhat.java-1.30.0-win32-x64\server\plugins\org.eclipse.equinox.launcher_1.6.800.v20240330-1250.jar
Launcher Type: SUN_STANDARD

[Global flags]
    uintx AdaptiveSizePolicyWeight                 = 90                                        {product} {command line}
     intx CICompilerCount                          = 4                                         {product} {ergonomic}
    uintx GCTimeRatio                              = 4                                         {product} {command line}
     bool HeapDumpOnOutOfMemoryError               = true                                   {manageable} {command line}
    ccstr HeapDumpPath                             = c:\Users\Admin\AppData\Roaming\Code\User\workspaceStorage\0098116cd2644341a0b9330b529cb1ae\redhat.java         {manageable} {command line}
   size_t InitialHeapSize                          = 104857600                                 {product} {command line}
   size_t MaxHeapSize                              = 1073741824                                {product} {command line}
   size_t MaxNewSize                               = 357564416                                 {product} {ergonomic}
   size_t MinHeapDeltaBytes                        = 524288                                    {product} {ergonomic}
   size_t MinHeapSize                              = 104857600                                 {product} {command line}
   size_t NewSize                                  = 34603008                                  {product} {ergonomic}
    uintx NonNMethodCodeHeapSize                   = 5839372                                {pd product} {ergonomic}
    uintx NonProfiledCodeHeapSize                  = 122909434                              {pd product} {ergonomic}
   size_t OldSize                                  = 70254592                                  {product} {ergonomic}
    uintx ProfiledCodeHeapSize                     = 122909434                              {pd product} {ergonomic}
    uintx ReservedCodeCacheSize                    = 251658240                              {pd product} {ergonomic}
     bool SegmentedCodeCache                       = true                                      {product} {ergonomic}
   size_t SoftMaxHeapSize                          = 1073741824                             {manageable} {ergonomic}
     bool UseCompressedClassPointers               = true                           {product lp64_product} {ergonomic}
     bool UseCompressedOops                        = true                           {product lp64_product} {ergonomic}
     bool UseLargePagesIndividualAllocation        = false                                  {pd product} {ergonomic}
     bool UseParallelGC                            = true                                      {product} {command line}

Logging:
Log output configuration:
 #0: stdout all=off uptime,level,tags
 #1: stderr all=off uptime,level,tags

Environment Variables:
JAVA_HOME=C:\Program Files\Java\jdk-17
PATH=C:\Program Files\Common Files\Oracle\Java\javapath;C:\Users\Admin\AppData\Local\Android\SDKplatform-tools;C:\Users\Admin\AppData\Local\Android\SDK;C:\Program Files\Java\jdk-17\bin;C:\Program Files (x86)\Common Files\Intel\Shared Libraries\redist\intel64\compiler;C:\WINDOWS\system32;C:\WINDOWS;C:\WINDOWS\System32\Wbem;C:\WINDOWS\System32\WindowsPowerShell\v1.0\;C:\WINDOWS\System32\OpenSSH\;C:\Program Files\Microsoft SQL Server\Client SDK\ODBC\170\Tools\Binn\;C:\Program Files (x86)\Microsoft SQL Server\150\Tools\Binn\;C:\Program Files\Microsoft SQL Server\150\Tools\Binn\;C:\Program Files\Microsoft SQL Server\150\DTS\Binn\;C:\Program Files\Azure Data Studio\bin;C:\Program Files\nodejs\;C:\Program Files (x86)\Windows Kits\10\Windows Performance Toolkit\;C:\ProgramData\chocolatey\bin;D:\TeamViewer\Git\cmd;D:\JDK-Java\apache-maven-3.9.6-bin\apache-maven-3.9.6\bin;C:\Program Files\Java\jdk-17\bin;D:\dev\flutter\bin;D:\Visua studio\Microsoft VS Code\bin;D:\Android\src\flutter\bin;C:\Users\Admin\AppData\Roaming\npm;C:\Users\Admin\AppData\Local\Android\SDK\platform-tools;D:\WebStorm\WebStorm\WebStorm 2023.3.5\bin;;
USERNAME=Admin
OS=Windows_NT
PROCESSOR_IDENTIFIER=Intel64 Family 6 Model 142 Stepping 11, GenuineIntel
TMP=C:\Users\Admin\AppData\Local\Temp
TEMP=C:\Users\Admin\AppData\Local\Temp



Periodic native trim disabled


---------------  S Y S T E M  ---------------

OS:
 Windows 10 , 64 bit Build 19041 (10.0.19041.3636)
OS uptime: 3 days 5:58 hours

CPU: total 8 (initial active 8) (4 cores per cpu, 2 threads per core) family 6 model 142 stepping 11 microcode 0xae, cx8, cmov, fxsr, ht, mmx, 3dnowpref, sse, sse2, sse3, ssse3, sse4.1, sse4.2, popcnt, lzcnt, tsc, tscinvbit, avx, avx2, aes, erms, clmul, bmi1, bmi2, adx, fma, vzeroupper, clflush, clflushopt
Processor Information for all 8 processors :
  Max Mhz: 1800, Current Mhz: 1600, Mhz Limit: 1584

Memory: 4k page, system-wide physical 12139M (576M free)
TotalPageFile size 26689M (AvailPageFile size 5M)
current process WorkingSet (physical memory assigned to process): 589M, peak: 624M
current process commit charge ("private bytes"): 565M, peak: 567M

vm_info: OpenJDK 64-Bit Server VM (17.0.10+7) for windows-amd64 JRE (17.0.10+7), built on Jan 16 2024 23:25:11 by "admin" with MS VC++ 16.10 / 16.11 (VS2019)

END.
